<?xml version="1.0" encoding="UTF-8"?>
<!-- Generated by org.testng.reporters.JUnitReportReporter -->
<testsuite hostname="DESKTOP-6GME4C3" failures="0" tests="1" name="TestNGreview" time="0.014" errors="0" timestamp="2021-08-31T15:43:32 IST" skipped="0">
  <testcase classname="TestNGreview" name="test" time="0.014"/>
  <system-out/>
</testsuite> <!-- TestNGreview -->
